<?xml version="1.0" encoding="UTF-8"?>
<!-- Generated by org.testng.reporters.JUnitXMLReporter -->
<testsuite hostname="kirans-MacBook-Pro.local" name="soYou" tests="46" failures="8" timestamp="26 Sep 2017 12:19:25 GMT" time="782.473" errors="0">
  <testcase name="Welcomepage" time="2.601" classname="TestSc.welcomescreen"/>
  <testcase name="Welcomepage2" time="3.258" classname="TestSc.welcomescreen"/>
  <testcase name="Welcomepage3" time="3.428" classname="TestSc.welcomescreen"/>
  <testcase name="Welcomepage4" time="3.254" classname="TestSc.welcomescreen"/>
  <testcase name="Welcomepage5" time="1.378" classname="TestSc.welcomescreen"/>
  <testcase name="NotificationPoup" time="1.041" classname="TestSc.welcomescreen"/>
  <testcase name="SelectCountryFromList" time="15.876" classname="TestSc.LoginPage"/>
  <testcase name="EnterMobileNumber" time="10.381" classname="TestSc.LoginPage"/>
  <testcase name="EnterOTPScreen" time="22.241" classname="TestSc.LoginPage"/>
  <testcase name="setProfilePicture" time="22.221" classname="TestSc.IntermediateProfilePage"/>
  <testcase name="Enterusername" time="4.868" classname="TestSc.IntermediateProfilePage"/>
  <testcase name="IsLetMeInButtonClickable" time="6.834" classname="TestSc.IntermediateProfilePage"/>
  <testcase name="CanvasPopUpMessage" time="0.004" classname="TestSc.CanvasPage">
    <failure type="java.lang.IllegalMonitorStateException">
      <![CDATA[java.lang.IllegalMonitorStateException
	at java.lang.Object.wait(Native Method)
	at pageobjects.CanvasScreen.IscanvasPopUpDisplayed(CanvasScreen.java:43)
	at TestSc.CanvasPage.CanvasPopUpMessage(CanvasPage.java:29)
... Removed 25 stack frames]]>
    </failure>
  </testcase> <!-- CanvasPopUpMessage -->
  <testcase name="logoutoftheApp" time="9.971" classname="TestSc.CanvasPage"/>
  <testcase name="SelectCountryFromList" time="1.318" classname="TestSc.CanvasPage"/>
  <testcase name="EnterMobileNumber" time="10.327" classname="TestSc.CanvasPage"/>
  <testcase name="EnterOTPScreen" time="20.733" classname="TestSc.CanvasPage"/>
  <testcase name="NavigatetoPostDetailView" time="12.548" classname="TestSc.CanvasPage"/>
  <testcase name="ReshareAPost" time="0.0" classname="TestSc.CanvasPage">
    <failure type="org.testng.TestNGException" message="
Method ReshareAPost requires 1 parameters but 0 were supplied in the @Test annotation.">
      <![CDATA[org.testng.TestNGException: 
Method ReshareAPost requires 1 parameters but 0 were supplied in the @Test annotation.
... Removed 24 stack frames]]>
    </failure>
  </testcase> <!-- ReshareAPost -->
  <testcase name="MakePostasPublicandpublick" time="3.626" classname="TestSc.CanvasPage">
    <failure type="java.lang.AssertionError">
      <![CDATA[java.lang.AssertionError
	at pageobjects.DetailedviewPage.markasPrivate(DetailedviewPage.java:362)
	at TestSc.CanvasPage.MakePostasPublicandpublick(CanvasPage.java:109)
... Removed 25 stack frames]]>
    </failure>
  </testcase> <!-- MakePostasPublicandpublick -->
  <testcase name="Navigatetosendercanvas" time="0.129" classname="TestSc.CanvasPage">
    <failure type="java.lang.IndexOutOfBoundsException" message="Index: 0, Size: 0">
      <![CDATA[java.lang.IndexOutOfBoundsException: Index: 0, Size: 0
	at java.util.ArrayList.rangeCheck(ArrayList.java:653)
	at java.util.ArrayList.get(ArrayList.java:429)
	at pageobjects.DetailedviewPage.navigatetoOthersCanvas(DetailedviewPage.java:232)
	at TestSc.CanvasPage.Navigatetosendercanvas(CanvasPage.java:121)
... Removed 25 stack frames]]>
    </failure>
  </testcase> <!-- Navigatetosendercanvas -->
  <testcase name="SwipeBetweenCanvas" time="1.633" classname="TestSc.CanvasPage"/>
  <testcase name="AddCommentForAPost" time="18.603" classname="TestSc.CanvasPage"/>
  <testcase name="AddReplyCommentForAPost" time="5.512" classname="TestSc.CanvasPage"/>
  <testcase name="VerifyallCommentsofAPost" time="1.817" classname="TestSc.CanvasPage"/>
  <testcase name="composeGiftFromCamera" time="44.233" classname="TestSc.composePage"/>
  <testcase name="composeImageGiftFromGallery" time="16.763" classname="TestSc.composePage">
    <failure type="java.lang.IndexOutOfBoundsException" message="Index: 0, Size: 0">
      <![CDATA[java.lang.IndexOutOfBoundsException: Index: 0, Size: 0
	at java.util.ArrayList.rangeCheck(ArrayList.java:653)
	at java.util.ArrayList.get(ArrayList.java:429)
	at pageobjects.composescreen.selectImageFromGallery(composescreen.java:368)
	at TestSc.composePage.composeImageGiftFromGallery(composePage.java:38)
... Removed 25 stack frames]]>
    </failure>
  </testcase> <!-- composeImageGiftFromGallery -->
  <testcase name="composeVideoGiftFromGallery" time="0.763" classname="TestSc.composePage">
    <failure type="java.lang.IndexOutOfBoundsException" message="Index: 2, Size: 0">
      <![CDATA[java.lang.IndexOutOfBoundsException: Index: 2, Size: 0
	at java.util.ArrayList.rangeCheck(ArrayList.java:653)
	at java.util.ArrayList.get(ArrayList.java:429)
	at pageobjects.composescreen.IsselectContactsDisplayed(composescreen.java:80)
	at TestSc.composePage.composeVideoGiftFromGallery(composePage.java:46)
... Removed 25 stack frames]]>
    </failure>
  </testcase> <!-- composeVideoGiftFromGallery -->
  <testcase name="composetextasGift" time="0.75" classname="TestSc.composePage">
    <failure type="java.lang.IndexOutOfBoundsException" message="Index: 2, Size: 0">
      <![CDATA[java.lang.IndexOutOfBoundsException: Index: 2, Size: 0
	at java.util.ArrayList.rangeCheck(ArrayList.java:653)
	at java.util.ArrayList.get(ArrayList.java:429)
	at pageobjects.composescreen.IsselectContactsDisplayed(composescreen.java:80)
	at TestSc.composePage.composetextasGift(composePage.java:56)
... Removed 25 stack frames]]>
    </failure>
  </testcase> <!-- composetextasGift -->
  <testcase name="composeWeblinkasGift" time="0.758" classname="TestSc.composePage">
    <failure type="java.lang.IndexOutOfBoundsException" message="Index: 2, Size: 0">
      <![CDATA[java.lang.IndexOutOfBoundsException: Index: 2, Size: 0
	at java.util.ArrayList.rangeCheck(ArrayList.java:653)
	at java.util.ArrayList.get(ArrayList.java:429)
	at pageobjects.composescreen.IsselectContactsDisplayed(composescreen.java:80)
	at TestSc.composePage.composeWeblinkasGift(composePage.java:66)
... Removed 25 stack frames]]>
    </failure>
  </testcase> <!-- composeWeblinkasGift -->
  <testcase name="verifyPostNavigationFromNotificationTab" time="10.823" classname="TestSc.notificationPage"/>
  <testcase name="swipeBetweenTabs" time="12.126" classname="TestSc.notificationPage"/>
  <testcase name="verifyrecentitemlist" time="14.22" classname="TestSc.recentlist_tab"/>
  <testcase name="createChannel" time="60.424" classname="TestSc.recentlist_tab"/>
  <testcase name="verifyadminbadgeisDisplayed" time="13.834" classname="TestSc.recentlist_tab"/>
  <testcase name="navigatetochannelinfopage" time="17.681" classname="TestSc.recentlist_tab"/>
  <testcase name="verifyTrendingTextisDisplayed" time="5.844" classname="TestSc.searchTabPage"/>
  <testcase name="searchforuserinsearchtab" time="17.556" classname="TestSc.searchTabPage"/>
  <testcase name="verifyrecentsearch" time="12.576" classname="TestSc.searchTabPage"/>
  <testcase name="searchfHashtaginsearchtab" time="24.946" classname="TestSc.searchTabPage"/>
  <testcase name="verifyrecentsearchhashtag" time="13.393" classname="TestSc.searchTabPage"/>
  <testcase name="viewTrendingHashtag" time="26.577" classname="TestSc.searchTabPage"/>
  <testcase name="CheckAboutText" time="11.367" classname="TestSc.SettingsPage"/>
  <testcase name="checkBlockedUsers" time="24.923" classname="TestSc.SettingsPage"/>
  <testcase name="checkprofilePage" time="70.822" classname="TestSc.SettingsPage"/>
  <testcase name="verifyLogoutAction" time="8.006" classname="TestSc.SettingsPage"/>
</testsuite> <!-- soYou -->
