<html>
<head>
<title>TestNG:  soYou</title>
<link href="../testng.css" rel="stylesheet" type="text/css" />
<link href="../my-testng.css" rel="stylesheet" type="text/css" />

<style type="text/css">
.log { display: none;} 
.stack-trace { display: none;} 
</style>
<script type="text/javascript">
<!--
function flip(e) {
  current = e.style.display;
  if (current == 'block') {
    e.style.display = 'none';
    return 0;
  }
  else {
    e.style.display = 'block';
    return 1;
  }
}

function toggleBox(szDivId, elem, msg1, msg2)
{
  var res = -1;  if (document.getElementById) {
    res = flip(document.getElementById(szDivId));
  }
  else if (document.all) {
    // this is the way old msie versions work
    res = flip(document.all[szDivId]);
  }
  if(elem) {
    if(res == 0) elem.innerHTML = msg1; else elem.innerHTML = msg2;
  }

}

function toggleAllBoxes() {
  if (document.getElementsByTagName) {
    d = document.getElementsByTagName('div');
    for (i = 0; i < d.length; i++) {
      if (d[i].className == 'log') {
        flip(d[i]);
      }
    }
  }
}

// -->
</script>

</head>
<body>
<h2 align='center'>soYou</h2><table border='1' align="center">
<tr>
<td>Tests passed/Failed/Skipped:</td><td>38/8/0</td>
</tr><tr>
<td>Started on:</td><td>Tue Sep 26 17:36:22 IST 2017</td>
</tr>
<tr><td>Total time:</td><td>782 seconds (782473 ms)</td>
</tr><tr>
<td>Included groups:</td><td></td>
</tr><tr>
<td>Excluded groups:</td><td></td>
</tr>
</table><p/>
<small><i>(Hover the method name to see the test class name)</i></small><p/>
<table width='100%' border='1' class='invocation-failed'>
<tr><td colspan='4' align='center'><b>FAILED TESTS</b></td></tr>
<tr><td><b>Test method</b></td>
<td width="30%"><b>Exception</b></td>
<td width="10%"><b>Time (seconds)</b></td>
<td><b>Instance</b></td>
</tr>
<tr>
<td title='TestSc.CanvasPage.CanvasPopUpMessage()'><b>CanvasPopUpMessage</b><br>Test class: TestSc.CanvasPage</td>
<td><div><pre>java.lang.IllegalMonitorStateException
	at java.lang.Object.wait(Native Method)
	at pageobjects.CanvasScreen.IscanvasPopUpDisplayed(CanvasScreen.java:43)
	at TestSc.CanvasPage.CanvasPopUpMessage(CanvasPage.java:29)
... Removed 25 stack frames</pre></div><a href='#' onClick='toggleBox("stack-trace1611966906", this, "Click to show all stack frames", "Click to hide stack frames")'>Click to show all stack frames</a>
<div class='stack-trace' id='stack-trace1611966906'><pre>java.lang.IllegalMonitorStateException
	at java.lang.Object.wait(Native Method)
	at pageobjects.CanvasScreen.IscanvasPopUpDisplayed(CanvasScreen.java:43)
	at TestSc.CanvasPage.CanvasPopUpMessage(CanvasPage.java:29)
	at sun.reflect.NativeMethodAccessorImpl.invoke0(Native Method)
	at sun.reflect.NativeMethodAccessorImpl.invoke(NativeMethodAccessorImpl.java:62)
	at sun.reflect.DelegatingMethodAccessorImpl.invoke(DelegatingMethodAccessorImpl.java:43)
	at java.lang.reflect.Method.invoke(Method.java:498)
	at org.testng.internal.MethodInvocationHelper.invokeMethod(MethodInvocationHelper.java:100)
	at org.testng.internal.Invoker.invokeMethod(Invoker.java:646)
	at org.testng.internal.Invoker.invokeTestMethod(Invoker.java:811)
	at org.testng.internal.Invoker.invokeTestMethods(Invoker.java:1137)
	at org.testng.internal.TestMethodWorker.invokeTestMethods(TestMethodWorker.java:129)
	at org.testng.internal.TestMethodWorker.run(TestMethodWorker.java:112)
	at org.testng.TestRunner.privateRun(TestRunner.java:753)
	at org.testng.TestRunner.run(TestRunner.java:607)
	at org.testng.SuiteRunner.runTest(SuiteRunner.java:368)
	at org.testng.SuiteRunner.runSequentially(SuiteRunner.java:363)
	at org.testng.SuiteRunner.privateRun(SuiteRunner.java:321)
	at org.testng.SuiteRunner.run(SuiteRunner.java:270)
	at org.testng.SuiteRunnerWorker.runSuite(SuiteRunnerWorker.java:52)
	at org.testng.SuiteRunnerWorker.run(SuiteRunnerWorker.java:86)
	at org.testng.TestNG.runSuitesSequentially(TestNG.java:1284)
	at org.testng.TestNG.runSuitesLocally(TestNG.java:1209)
	at org.testng.TestNG.runSuites(TestNG.java:1124)
	at org.testng.TestNG.run(TestNG.java:1096)
	at org.testng.remote.AbstractRemoteTestNG.run(AbstractRemoteTestNG.java:132)
	at org.testng.remote.RemoteTestNG.initAndRun(RemoteTestNG.java:236)
	at org.testng.remote.RemoteTestNG.main(RemoteTestNG.java:81)
</pre></div></td>
<td>0</td>
<td>TestSc.CanvasPage@46944ca9</td></tr>
<tr>
<td title='TestSc.CanvasPage.MakePostasPublicandpublick()'><b>MakePostasPublicandpublick</b><br>Test class: TestSc.CanvasPage</td>
<td><div><pre>java.lang.AssertionError
	at pageobjects.DetailedviewPage.markasPrivate(DetailedviewPage.java:362)
	at TestSc.CanvasPage.MakePostasPublicandpublick(CanvasPage.java:109)
... Removed 25 stack frames</pre></div><a href='#' onClick='toggleBox("stack-trace1380593659", this, "Click to show all stack frames", "Click to hide stack frames")'>Click to show all stack frames</a>
<div class='stack-trace' id='stack-trace1380593659'><pre>java.lang.AssertionError
	at pageobjects.DetailedviewPage.markasPrivate(DetailedviewPage.java:362)
	at TestSc.CanvasPage.MakePostasPublicandpublick(CanvasPage.java:109)
	at sun.reflect.NativeMethodAccessorImpl.invoke0(Native Method)
	at sun.reflect.NativeMethodAccessorImpl.invoke(NativeMethodAccessorImpl.java:62)
	at sun.reflect.DelegatingMethodAccessorImpl.invoke(DelegatingMethodAccessorImpl.java:43)
	at java.lang.reflect.Method.invoke(Method.java:498)
	at org.testng.internal.MethodInvocationHelper.invokeMethod(MethodInvocationHelper.java:100)
	at org.testng.internal.Invoker.invokeMethod(Invoker.java:646)
	at org.testng.internal.Invoker.invokeTestMethod(Invoker.java:811)
	at org.testng.internal.Invoker.invokeTestMethods(Invoker.java:1137)
	at org.testng.internal.TestMethodWorker.invokeTestMethods(TestMethodWorker.java:129)
	at org.testng.internal.TestMethodWorker.run(TestMethodWorker.java:112)
	at org.testng.TestRunner.privateRun(TestRunner.java:753)
	at org.testng.TestRunner.run(TestRunner.java:607)
	at org.testng.SuiteRunner.runTest(SuiteRunner.java:368)
	at org.testng.SuiteRunner.runSequentially(SuiteRunner.java:363)
	at org.testng.SuiteRunner.privateRun(SuiteRunner.java:321)
	at org.testng.SuiteRunner.run(SuiteRunner.java:270)
	at org.testng.SuiteRunnerWorker.runSuite(SuiteRunnerWorker.java:52)
	at org.testng.SuiteRunnerWorker.run(SuiteRunnerWorker.java:86)
	at org.testng.TestNG.runSuitesSequentially(TestNG.java:1284)
	at org.testng.TestNG.runSuitesLocally(TestNG.java:1209)
	at org.testng.TestNG.runSuites(TestNG.java:1124)
	at org.testng.TestNG.run(TestNG.java:1096)
	at org.testng.remote.AbstractRemoteTestNG.run(AbstractRemoteTestNG.java:132)
	at org.testng.remote.RemoteTestNG.initAndRun(RemoteTestNG.java:236)
	at org.testng.remote.RemoteTestNG.main(RemoteTestNG.java:81)
</pre></div></td>
<td>3</td>
<td>TestSc.CanvasPage@46944ca9</td></tr>
<tr>
<td title='TestSc.CanvasPage.Navigatetosendercanvas()'><b>Navigatetosendercanvas</b><br>Test class: TestSc.CanvasPage</td>
<td><div><pre>java.lang.IndexOutOfBoundsException: Index: 0, Size: 0
	at java.util.ArrayList.rangeCheck(ArrayList.java:653)
	at java.util.ArrayList.get(ArrayList.java:429)
	at pageobjects.DetailedviewPage.navigatetoOthersCanvas(DetailedviewPage.java:232)
	at TestSc.CanvasPage.Navigatetosendercanvas(CanvasPage.java:121)
... Removed 25 stack frames</pre></div><a href='#' onClick='toggleBox("stack-trace337039263", this, "Click to show all stack frames", "Click to hide stack frames")'>Click to show all stack frames</a>
<div class='stack-trace' id='stack-trace337039263'><pre>java.lang.IndexOutOfBoundsException: Index: 0, Size: 0
	at java.util.ArrayList.rangeCheck(ArrayList.java:653)
	at java.util.ArrayList.get(ArrayList.java:429)
	at pageobjects.DetailedviewPage.navigatetoOthersCanvas(DetailedviewPage.java:232)
	at TestSc.CanvasPage.Navigatetosendercanvas(CanvasPage.java:121)
	at sun.reflect.NativeMethodAccessorImpl.invoke0(Native Method)
	at sun.reflect.NativeMethodAccessorImpl.invoke(NativeMethodAccessorImpl.java:62)
	at sun.reflect.DelegatingMethodAccessorImpl.invoke(DelegatingMethodAccessorImpl.java:43)
	at java.lang.reflect.Method.invoke(Method.java:498)
	at org.testng.internal.MethodInvocationHelper.invokeMethod(MethodInvocationHelper.java:100)
	at org.testng.internal.Invoker.invokeMethod(Invoker.java:646)
	at org.testng.internal.Invoker.invokeTestMethod(Invoker.java:811)
	at org.testng.internal.Invoker.invokeTestMethods(Invoker.java:1137)
	at org.testng.internal.TestMethodWorker.invokeTestMethods(TestMethodWorker.java:129)
	at org.testng.internal.TestMethodWorker.run(TestMethodWorker.java:112)
	at org.testng.TestRunner.privateRun(TestRunner.java:753)
	at org.testng.TestRunner.run(TestRunner.java:607)
	at org.testng.SuiteRunner.runTest(SuiteRunner.java:368)
	at org.testng.SuiteRunner.runSequentially(SuiteRunner.java:363)
	at org.testng.SuiteRunner.privateRun(SuiteRunner.java:321)
	at org.testng.SuiteRunner.run(SuiteRunner.java:270)
	at org.testng.SuiteRunnerWorker.runSuite(SuiteRunnerWorker.java:52)
	at org.testng.SuiteRunnerWorker.run(SuiteRunnerWorker.java:86)
	at org.testng.TestNG.runSuitesSequentially(TestNG.java:1284)
	at org.testng.TestNG.runSuitesLocally(TestNG.java:1209)
	at org.testng.TestNG.runSuites(TestNG.java:1124)
	at org.testng.TestNG.run(TestNG.java:1096)
	at org.testng.remote.AbstractRemoteTestNG.run(AbstractRemoteTestNG.java:132)
	at org.testng.remote.RemoteTestNG.initAndRun(RemoteTestNG.java:236)
	at org.testng.remote.RemoteTestNG.main(RemoteTestNG.java:81)
</pre></div></td>
<td>0</td>
<td>TestSc.CanvasPage@46944ca9</td></tr>
<tr>
<td title='TestSc.CanvasPage.ReshareAPost()'><b>ReshareAPost</b><br>Test class: TestSc.CanvasPage</td>
<td><div><pre>org.testng.TestNGException: 
Method ReshareAPost requires 1 parameters but 0 were supplied in the @Test annotation.
... Removed 24 stack frames</pre></div><a href='#' onClick='toggleBox("stack-trace81907268", this, "Click to show all stack frames", "Click to hide stack frames")'>Click to show all stack frames</a>
<div class='stack-trace' id='stack-trace81907268'><pre>org.testng.TestNGException: 
Method ReshareAPost requires 1 parameters but 0 were supplied in the @Test annotation.
	at org.testng.internal.Parameters.checkParameterTypes(Parameters.java:193)
	at org.testng.internal.Parameters.createParameters(Parameters.java:129)
	at org.testng.internal.Parameters.createParameters(Parameters.java:385)
	at org.testng.internal.Parameters.handleParameters(Parameters.java:495)
	at org.testng.internal.Invoker.handleParameters(Invoker.java:1253)
	at org.testng.internal.Invoker.createParameters(Invoker.java:980)
	at org.testng.internal.Invoker.invokeTestMethods(Invoker.java:1070)
	at org.testng.internal.TestMethodWorker.invokeTestMethods(TestMethodWorker.java:129)
	at org.testng.internal.TestMethodWorker.run(TestMethodWorker.java:112)
	at org.testng.TestRunner.privateRun(TestRunner.java:753)
	at org.testng.TestRunner.run(TestRunner.java:607)
	at org.testng.SuiteRunner.runTest(SuiteRunner.java:368)
	at org.testng.SuiteRunner.runSequentially(SuiteRunner.java:363)
	at org.testng.SuiteRunner.privateRun(SuiteRunner.java:321)
	at org.testng.SuiteRunner.run(SuiteRunner.java:270)
	at org.testng.SuiteRunnerWorker.runSuite(SuiteRunnerWorker.java:52)
	at org.testng.SuiteRunnerWorker.run(SuiteRunnerWorker.java:86)
	at org.testng.TestNG.runSuitesSequentially(TestNG.java:1284)
	at org.testng.TestNG.runSuitesLocally(TestNG.java:1209)
	at org.testng.TestNG.runSuites(TestNG.java:1124)
	at org.testng.TestNG.run(TestNG.java:1096)
	at org.testng.remote.AbstractRemoteTestNG.run(AbstractRemoteTestNG.java:132)
	at org.testng.remote.RemoteTestNG.initAndRun(RemoteTestNG.java:236)
	at org.testng.remote.RemoteTestNG.main(RemoteTestNG.java:81)
</pre></div></td>
<td>0</td>
<td>TestSc.CanvasPage@46944ca9</td></tr>
<tr>
<td title='TestSc.composePage.composeImageGiftFromGallery()'><b>composeImageGiftFromGallery</b><br>Test class: TestSc.composePage</td>
<td><div><pre>java.lang.IndexOutOfBoundsException: Index: 0, Size: 0
	at java.util.ArrayList.rangeCheck(ArrayList.java:653)
	at java.util.ArrayList.get(ArrayList.java:429)
	at pageobjects.composescreen.selectImageFromGallery(composescreen.java:368)
	at TestSc.composePage.composeImageGiftFromGallery(composePage.java:38)
... Removed 25 stack frames</pre></div><a href='#' onClick='toggleBox("stack-trace407241000", this, "Click to show all stack frames", "Click to hide stack frames")'>Click to show all stack frames</a>
<div class='stack-trace' id='stack-trace407241000'><pre>java.lang.IndexOutOfBoundsException: Index: 0, Size: 0
	at java.util.ArrayList.rangeCheck(ArrayList.java:653)
	at java.util.ArrayList.get(ArrayList.java:429)
	at pageobjects.composescreen.selectImageFromGallery(composescreen.java:368)
	at TestSc.composePage.composeImageGiftFromGallery(composePage.java:38)
	at sun.reflect.NativeMethodAccessorImpl.invoke0(Native Method)
	at sun.reflect.NativeMethodAccessorImpl.invoke(NativeMethodAccessorImpl.java:62)
	at sun.reflect.DelegatingMethodAccessorImpl.invoke(DelegatingMethodAccessorImpl.java:43)
	at java.lang.reflect.Method.invoke(Method.java:498)
	at org.testng.internal.MethodInvocationHelper.invokeMethod(MethodInvocationHelper.java:100)
	at org.testng.internal.Invoker.invokeMethod(Invoker.java:646)
	at org.testng.internal.Invoker.invokeTestMethod(Invoker.java:811)
	at org.testng.internal.Invoker.invokeTestMethods(Invoker.java:1137)
	at org.testng.internal.TestMethodWorker.invokeTestMethods(TestMethodWorker.java:129)
	at org.testng.internal.TestMethodWorker.run(TestMethodWorker.java:112)
	at org.testng.TestRunner.privateRun(TestRunner.java:753)
	at org.testng.TestRunner.run(TestRunner.java:607)
	at org.testng.SuiteRunner.runTest(SuiteRunner.java:368)
	at org.testng.SuiteRunner.runSequentially(SuiteRunner.java:363)
	at org.testng.SuiteRunner.privateRun(SuiteRunner.java:321)
	at org.testng.SuiteRunner.run(SuiteRunner.java:270)
	at org.testng.SuiteRunnerWorker.runSuite(SuiteRunnerWorker.java:52)
	at org.testng.SuiteRunnerWorker.run(SuiteRunnerWorker.java:86)
	at org.testng.TestNG.runSuitesSequentially(TestNG.java:1284)
	at org.testng.TestNG.runSuitesLocally(TestNG.java:1209)
	at org.testng.TestNG.runSuites(TestNG.java:1124)
	at org.testng.TestNG.run(TestNG.java:1096)
	at org.testng.remote.AbstractRemoteTestNG.run(AbstractRemoteTestNG.java:132)
	at org.testng.remote.RemoteTestNG.initAndRun(RemoteTestNG.java:236)
	at org.testng.remote.RemoteTestNG.main(RemoteTestNG.java:81)
</pre></div></td>
<td>16</td>
<td>TestSc.composePage@22bac7bc</td></tr>
<tr>
<td title='TestSc.composePage.composeVideoGiftFromGallery()'><b>composeVideoGiftFromGallery</b><br>Test class: TestSc.composePage</td>
<td><div><pre>java.lang.IndexOutOfBoundsException: Index: 2, Size: 0
	at java.util.ArrayList.rangeCheck(ArrayList.java:653)
	at java.util.ArrayList.get(ArrayList.java:429)
	at pageobjects.composescreen.IsselectContactsDisplayed(composescreen.java:80)
	at TestSc.composePage.composeVideoGiftFromGallery(composePage.java:46)
... Removed 25 stack frames</pre></div><a href='#' onClick='toggleBox("stack-trace963573938", this, "Click to show all stack frames", "Click to hide stack frames")'>Click to show all stack frames</a>
<div class='stack-trace' id='stack-trace963573938'><pre>java.lang.IndexOutOfBoundsException: Index: 2, Size: 0
	at java.util.ArrayList.rangeCheck(ArrayList.java:653)
	at java.util.ArrayList.get(ArrayList.java:429)
	at pageobjects.composescreen.IsselectContactsDisplayed(composescreen.java:80)
	at TestSc.composePage.composeVideoGiftFromGallery(composePage.java:46)
	at sun.reflect.NativeMethodAccessorImpl.invoke0(Native Method)
	at sun.reflect.NativeMethodAccessorImpl.invoke(NativeMethodAccessorImpl.java:62)
	at sun.reflect.DelegatingMethodAccessorImpl.invoke(DelegatingMethodAccessorImpl.java:43)
	at java.lang.reflect.Method.invoke(Method.java:498)
	at org.testng.internal.MethodInvocationHelper.invokeMethod(MethodInvocationHelper.java:100)
	at org.testng.internal.Invoker.invokeMethod(Invoker.java:646)
	at org.testng.internal.Invoker.invokeTestMethod(Invoker.java:811)
	at org.testng.internal.Invoker.invokeTestMethods(Invoker.java:1137)
	at org.testng.internal.TestMethodWorker.invokeTestMethods(TestMethodWorker.java:129)
	at org.testng.internal.TestMethodWorker.run(TestMethodWorker.java:112)
	at org.testng.TestRunner.privateRun(TestRunner.java:753)
	at org.testng.TestRunner.run(TestRunner.java:607)
	at org.testng.SuiteRunner.runTest(SuiteRunner.java:368)
	at org.testng.SuiteRunner.runSequentially(SuiteRunner.java:363)
	at org.testng.SuiteRunner.privateRun(SuiteRunner.java:321)
	at org.testng.SuiteRunner.run(SuiteRunner.java:270)
	at org.testng.SuiteRunnerWorker.runSuite(SuiteRunnerWorker.java:52)
	at org.testng.SuiteRunnerWorker.run(SuiteRunnerWorker.java:86)
	at org.testng.TestNG.runSuitesSequentially(TestNG.java:1284)
	at org.testng.TestNG.runSuitesLocally(TestNG.java:1209)
	at org.testng.TestNG.runSuites(TestNG.java:1124)
	at org.testng.TestNG.run(TestNG.java:1096)
	at org.testng.remote.AbstractRemoteTestNG.run(AbstractRemoteTestNG.java:132)
	at org.testng.remote.RemoteTestNG.initAndRun(RemoteTestNG.java:236)
	at org.testng.remote.RemoteTestNG.main(RemoteTestNG.java:81)
</pre></div></td>
<td>0</td>
<td>TestSc.composePage@22bac7bc</td></tr>
<tr>
<td title='TestSc.composePage.composeWeblinkasGift()'><b>composeWeblinkasGift</b><br>Test class: TestSc.composePage<br>Parameters: 7845640866, India, Bob, Builder, BobBuilder@cn.com, Hello Dear , https://www.google.co.in/, Kiran Gmx, Testing</td>
<td><div><pre>java.lang.IndexOutOfBoundsException: Index: 2, Size: 0
	at java.util.ArrayList.rangeCheck(ArrayList.java:653)
	at java.util.ArrayList.get(ArrayList.java:429)
	at pageobjects.composescreen.IsselectContactsDisplayed(composescreen.java:80)
	at TestSc.composePage.composeWeblinkasGift(composePage.java:66)
... Removed 25 stack frames</pre></div><a href='#' onClick='toggleBox("stack-trace1765350920", this, "Click to show all stack frames", "Click to hide stack frames")'>Click to show all stack frames</a>
<div class='stack-trace' id='stack-trace1765350920'><pre>java.lang.IndexOutOfBoundsException: Index: 2, Size: 0
	at java.util.ArrayList.rangeCheck(ArrayList.java:653)
	at java.util.ArrayList.get(ArrayList.java:429)
	at pageobjects.composescreen.IsselectContactsDisplayed(composescreen.java:80)
	at TestSc.composePage.composeWeblinkasGift(composePage.java:66)
	at sun.reflect.NativeMethodAccessorImpl.invoke0(Native Method)
	at sun.reflect.NativeMethodAccessorImpl.invoke(NativeMethodAccessorImpl.java:62)
	at sun.reflect.DelegatingMethodAccessorImpl.invoke(DelegatingMethodAccessorImpl.java:43)
	at java.lang.reflect.Method.invoke(Method.java:498)
	at org.testng.internal.MethodInvocationHelper.invokeMethod(MethodInvocationHelper.java:100)
	at org.testng.internal.Invoker.invokeMethod(Invoker.java:646)
	at org.testng.internal.Invoker.invokeTestMethod(Invoker.java:811)
	at org.testng.internal.Invoker.invokeTestMethods(Invoker.java:1137)
	at org.testng.internal.TestMethodWorker.invokeTestMethods(TestMethodWorker.java:129)
	at org.testng.internal.TestMethodWorker.run(TestMethodWorker.java:112)
	at org.testng.TestRunner.privateRun(TestRunner.java:753)
	at org.testng.TestRunner.run(TestRunner.java:607)
	at org.testng.SuiteRunner.runTest(SuiteRunner.java:368)
	at org.testng.SuiteRunner.runSequentially(SuiteRunner.java:363)
	at org.testng.SuiteRunner.privateRun(SuiteRunner.java:321)
	at org.testng.SuiteRunner.run(SuiteRunner.java:270)
	at org.testng.SuiteRunnerWorker.runSuite(SuiteRunnerWorker.java:52)
	at org.testng.SuiteRunnerWorker.run(SuiteRunnerWorker.java:86)
	at org.testng.TestNG.runSuitesSequentially(TestNG.java:1284)
	at org.testng.TestNG.runSuitesLocally(TestNG.java:1209)
	at org.testng.TestNG.runSuites(TestNG.java:1124)
	at org.testng.TestNG.run(TestNG.java:1096)
	at org.testng.remote.AbstractRemoteTestNG.run(AbstractRemoteTestNG.java:132)
	at org.testng.remote.RemoteTestNG.initAndRun(RemoteTestNG.java:236)
	at org.testng.remote.RemoteTestNG.main(RemoteTestNG.java:81)
</pre></div></td>
<td>0</td>
<td>TestSc.composePage@22bac7bc</td></tr>
<tr>
<td title='TestSc.composePage.composetextasGift()'><b>composetextasGift</b><br>Test class: TestSc.composePage<br>Parameters: 7845640866, India, Bob, Builder, BobBuilder@cn.com, Hello Dear , https://www.google.co.in/, Kiran Gmx, Testing</td>
<td><div><pre>java.lang.IndexOutOfBoundsException: Index: 2, Size: 0
	at java.util.ArrayList.rangeCheck(ArrayList.java:653)
	at java.util.ArrayList.get(ArrayList.java:429)
	at pageobjects.composescreen.IsselectContactsDisplayed(composescreen.java:80)
	at TestSc.composePage.composetextasGift(composePage.java:56)
... Removed 25 stack frames</pre></div><a href='#' onClick='toggleBox("stack-trace1564629011", this, "Click to show all stack frames", "Click to hide stack frames")'>Click to show all stack frames</a>
<div class='stack-trace' id='stack-trace1564629011'><pre>java.lang.IndexOutOfBoundsException: Index: 2, Size: 0
	at java.util.ArrayList.rangeCheck(ArrayList.java:653)
	at java.util.ArrayList.get(ArrayList.java:429)
	at pageobjects.composescreen.IsselectContactsDisplayed(composescreen.java:80)
	at TestSc.composePage.composetextasGift(composePage.java:56)
	at sun.reflect.NativeMethodAccessorImpl.invoke0(Native Method)
	at sun.reflect.NativeMethodAccessorImpl.invoke(NativeMethodAccessorImpl.java:62)
	at sun.reflect.DelegatingMethodAccessorImpl.invoke(DelegatingMethodAccessorImpl.java:43)
	at java.lang.reflect.Method.invoke(Method.java:498)
	at org.testng.internal.MethodInvocationHelper.invokeMethod(MethodInvocationHelper.java:100)
	at org.testng.internal.Invoker.invokeMethod(Invoker.java:646)
	at org.testng.internal.Invoker.invokeTestMethod(Invoker.java:811)
	at org.testng.internal.Invoker.invokeTestMethods(Invoker.java:1137)
	at org.testng.internal.TestMethodWorker.invokeTestMethods(TestMethodWorker.java:129)
	at org.testng.internal.TestMethodWorker.run(TestMethodWorker.java:112)
	at org.testng.TestRunner.privateRun(TestRunner.java:753)
	at org.testng.TestRunner.run(TestRunner.java:607)
	at org.testng.SuiteRunner.runTest(SuiteRunner.java:368)
	at org.testng.SuiteRunner.runSequentially(SuiteRunner.java:363)
	at org.testng.SuiteRunner.privateRun(SuiteRunner.java:321)
	at org.testng.SuiteRunner.run(SuiteRunner.java:270)
	at org.testng.SuiteRunnerWorker.runSuite(SuiteRunnerWorker.java:52)
	at org.testng.SuiteRunnerWorker.run(SuiteRunnerWorker.java:86)
	at org.testng.TestNG.runSuitesSequentially(TestNG.java:1284)
	at org.testng.TestNG.runSuitesLocally(TestNG.java:1209)
	at org.testng.TestNG.runSuites(TestNG.java:1124)
	at org.testng.TestNG.run(TestNG.java:1096)
	at org.testng.remote.AbstractRemoteTestNG.run(AbstractRemoteTestNG.java:132)
	at org.testng.remote.RemoteTestNG.initAndRun(RemoteTestNG.java:236)
	at org.testng.remote.RemoteTestNG.main(RemoteTestNG.java:81)
</pre></div></td>
<td>0</td>
<td>TestSc.composePage@22bac7bc</td></tr>
</table><p>
<table width='100%' border='1' class='invocation-passed'>
<tr><td colspan='4' align='center'><b>PASSED TESTS</b></td></tr>
<tr><td><b>Test method</b></td>
<td width="30%"><b>Exception</b></td>
<td width="10%"><b>Time (seconds)</b></td>
<td><b>Instance</b></td>
</tr>
<tr>
<td title='TestSc.CanvasPage.AddCommentForAPost()'><b>AddCommentForAPost</b><br>Test class: TestSc.CanvasPage<br>Parameters: 7845640866, India, soYou, User, user@soyou.com, Hello Dear , https://www.google.co.in/, Kiran Gmx, Testing, Hai, welcome to soYou</td>
<td></td>
<td>18</td>
<td>TestSc.CanvasPage@46944ca9</td></tr>
<tr>
<td title='TestSc.CanvasPage.AddReplyCommentForAPost()'><b>AddReplyCommentForAPost</b><br>Test class: TestSc.CanvasPage<br>Parameters: 7845640866, India, soYou, User, user@soyou.com, Hello Dear , https://www.google.co.in/, Kiran Gmx, Testing, Hai, welcome to soYou<br/>
<a href="#Output-969115094" onClick='toggleBox("Output-969115094", this, "Show output", "Hide output");'>Show output</a>

<a href="#Output-969115094" onClick="toggleAllBoxes();">Show all outputs</a>
<div class='log' id="Output-969115094">
Check Whether reply comment is added or not<br/>
Check Whether send button is clicked or not<br/>
</div>
</td>
<td></td>
<td>5</td>
<td>TestSc.CanvasPage@46944ca9</td></tr>
<tr>
<td title='TestSc.SettingsPage.CheckAboutText()'><b>CheckAboutText</b><br>Test class: TestSc.SettingsPage</td>
<td></td>
<td>11</td>
<td>TestSc.SettingsPage@5674e1f2</td></tr>
<tr>
<td title='TestSc.LoginPage.EnterMobileNumber()'><b>EnterMobileNumber</b><br>Test class: TestSc.LoginPage<br>Parameters: 7845640866, India, Bob, Builder, BobBuilder@cn.com, Hello Dear , https://www.google.co.in/, Kiran Gmx, Testing</td>
<td></td>
<td>10</td>
<td>TestSc.LoginPage@17aad511</td></tr>
<tr>
<td title='TestSc.CanvasPage.EnterMobileNumber()'><b>EnterMobileNumber</b><br>Test class: TestSc.CanvasPage<br>Parameters: 7845640866, India, soYou, User, user@soyou.com, Hello Dear , https://www.google.co.in/, Kiran Gmx, Testing, Hai, welcome to soYou</td>
<td></td>
<td>10</td>
<td>TestSc.CanvasPage@46944ca9</td></tr>
<tr>
<td title='TestSc.LoginPage.EnterOTPScreen()'><b>EnterOTPScreen</b><br>Test class: TestSc.LoginPage</td>
<td></td>
<td>22</td>
<td>TestSc.LoginPage@17aad511</td></tr>
<tr>
<td title='TestSc.CanvasPage.EnterOTPScreen()'><b>EnterOTPScreen</b><br>Test class: TestSc.CanvasPage</td>
<td></td>
<td>20</td>
<td>TestSc.CanvasPage@46944ca9</td></tr>
<tr>
<td title='TestSc.IntermediateProfilePage.Enterusername()'><b>Enterusername</b><br>Test class: TestSc.IntermediateProfilePage</td>
<td></td>
<td>4</td>
<td>TestSc.IntermediateProfilePage@487db668</td></tr>
<tr>
<td title='TestSc.IntermediateProfilePage.IsLetMeInButtonClickable()'><b>IsLetMeInButtonClickable</b><br>Test class: TestSc.IntermediateProfilePage</td>
<td></td>
<td>6</td>
<td>TestSc.IntermediateProfilePage@487db668</td></tr>
<tr>
<td title='TestSc.CanvasPage.NavigatetoPostDetailView()'><b>NavigatetoPostDetailView</b><br>Test class: TestSc.CanvasPage<br/>
<a href="#Output-2030707995" onClick='toggleBox("Output-2030707995", this, "Show output", "Hide output");'>Show output</a>

<a href="#Output-2030707995" onClick="toggleAllBoxes();">Show all outputs</a>
<div class='log' id="Output-2030707995">
Verify whether Back Button Displayed<br/>
</div>
</td>
<td></td>
<td>12</td>
<td>TestSc.CanvasPage@46944ca9</td></tr>
<tr>
<td title='TestSc.welcomescreen.NotificationPoup()'><b>NotificationPoup</b><br>Test class: TestSc.welcomescreen</td>
<td></td>
<td>1</td>
<td>TestSc.welcomescreen@7502291e</td></tr>
<tr>
<td title='TestSc.LoginPage.SelectCountryFromList()'><b>SelectCountryFromList</b><br>Test class: TestSc.LoginPage<br>Parameters: 7845640866, India, Bob, Builder, BobBuilder@cn.com, Hello Dear , https://www.google.co.in/, Kiran Gmx, Testing</td>
<td></td>
<td>15</td>
<td>TestSc.LoginPage@17aad511</td></tr>
<tr>
<td title='TestSc.CanvasPage.SelectCountryFromList()'><b>SelectCountryFromList</b><br>Test class: TestSc.CanvasPage<br>Parameters: 7845640866, India, soYou, User, user@soyou.com, Hello Dear , https://www.google.co.in/, Kiran Gmx, Testing, Hai, welcome to soYou<br/>
<a href="#Output-1636487850" onClick='toggleBox("Output-1636487850", this, "Show output", "Hide output");'>Show output</a>

<a href="#Output-1636487850" onClick="toggleAllBoxes();">Show all outputs</a>
<div class='log' id="Output-1636487850">
Verify select country field is Displayed<br/>
Verify country search bar is displayed<br/>
</div>
</td>
<td></td>
<td>1</td>
<td>TestSc.CanvasPage@46944ca9</td></tr>
<tr>
<td title='TestSc.CanvasPage.SwipeBetweenCanvas()'><b>SwipeBetweenCanvas</b><br>Test class: TestSc.CanvasPage<br/>
<a href="#Output-1440332016" onClick='toggleBox("Output-1440332016", this, "Show output", "Hide output");'>Show output</a>

<a href="#Output-1440332016" onClick="toggleAllBoxes();">Show all outputs</a>
<div class='log' id="Output-1440332016">
Check Whether swipe to private canvas is displaying or not<br/>
Check Whether swipe Previous button is displaying or not<br/>
</div>
</td>
<td></td>
<td>1</td>
<td>TestSc.CanvasPage@46944ca9</td></tr>
<tr>
<td title='TestSc.CanvasPage.VerifyallCommentsofAPost()'><b>VerifyallCommentsofAPost</b><br>Test class: TestSc.CanvasPage<br>Parameters: 7845640866, India, soYou, User, user@soyou.com, Hello Dear , https://www.google.co.in/, Kiran Gmx, Testing, Hai, welcome to soYou<br/>
<a href="#Output-551421413" onClick='toggleBox("Output-551421413", this, "Show output", "Hide output");'>Show output</a>

<a href="#Output-551421413" onClick="toggleAllBoxes();">Show all outputs</a>
<div class='log' id="Output-551421413">
Check Whether view previous comments is displaying or not<br/>
</div>
</td>
<td></td>
<td>1</td>
<td>TestSc.CanvasPage@46944ca9</td></tr>
<tr>
<td title='TestSc.welcomescreen.Welcomepage()'><b>Welcomepage</b><br>Test class: TestSc.welcomescreen</td>
<td></td>
<td>2</td>
<td>TestSc.welcomescreen@7502291e</td></tr>
<tr>
<td title='TestSc.welcomescreen.Welcomepage2()'><b>Welcomepage2</b><br>Test class: TestSc.welcomescreen</td>
<td></td>
<td>3</td>
<td>TestSc.welcomescreen@7502291e</td></tr>
<tr>
<td title='TestSc.welcomescreen.Welcomepage3()'><b>Welcomepage3</b><br>Test class: TestSc.welcomescreen</td>
<td></td>
<td>3</td>
<td>TestSc.welcomescreen@7502291e</td></tr>
<tr>
<td title='TestSc.welcomescreen.Welcomepage4()'><b>Welcomepage4</b><br>Test class: TestSc.welcomescreen</td>
<td></td>
<td>3</td>
<td>TestSc.welcomescreen@7502291e</td></tr>
<tr>
<td title='TestSc.welcomescreen.Welcomepage5()'><b>Welcomepage5</b><br>Test class: TestSc.welcomescreen</td>
<td></td>
<td>1</td>
<td>TestSc.welcomescreen@7502291e</td></tr>
<tr>
<td title='TestSc.SettingsPage.checkBlockedUsers()'><b>checkBlockedUsers</b><br>Test class: TestSc.SettingsPage</td>
<td></td>
<td>24</td>
<td>TestSc.SettingsPage@5674e1f2</td></tr>
<tr>
<td title='TestSc.SettingsPage.checkprofilePage()'><b>checkprofilePage</b><br>Test class: TestSc.SettingsPage<br/>
<a href="#Output-2047799833" onClick='toggleBox("Output-2047799833", this, "Show output", "Hide output");'>Show output</a>

<a href="#Output-2047799833" onClick="toggleAllBoxes();">Show all outputs</a>
<div class='log' id="Output-2047799833">
Verify whether user is able to update the cover picture or not<br/>
Verify whether user is able to update the profile picture<br/>
</div>
</td>
<td></td>
<td>70</td>
<td>TestSc.SettingsPage@5674e1f2</td></tr>
<tr>
<td title='TestSc.composePage.composeGiftFromCamera()'><b>composeGiftFromCamera</b><br>Test class: TestSc.composePage</td>
<td></td>
<td>44</td>
<td>TestSc.composePage@22bac7bc</td></tr>
<tr>
<td title='TestSc.recentlist_tab.createChannel()'><b>createChannel</b><br>Test class: TestSc.recentlist_tab<br>Parameters: kiran gmx, #gmx, soYou Testing</td>
<td></td>
<td>60</td>
<td>TestSc.recentlist_tab@4612b856</td></tr>
<tr>
<td title='TestSc.CanvasPage.logoutoftheApp()'><b>logoutoftheApp</b><br>Test class: TestSc.CanvasPage</td>
<td></td>
<td>9</td>
<td>TestSc.CanvasPage@46944ca9</td></tr>
<tr>
<td title='TestSc.recentlist_tab.navigatetochannelinfopage()'><b>navigatetochannelinfopage</b><br>Test class: TestSc.recentlist_tab<br/>
<a href="#Output-38647502" onClick='toggleBox("Output-38647502", this, "Show output", "Hide output");'>Show output</a>

<a href="#Output-38647502" onClick="toggleAllBoxes();">Show all outputs</a>
<div class='log' id="Output-38647502">
Check Whether add friends is displayed or not<br/>
Check Whether back button is displayed  and clicked or not<br/>
</div>
</td>
<td></td>
<td>17</td>
<td>TestSc.recentlist_tab@4612b856</td></tr>
<tr>
<td title='TestSc.searchTabPage.searchfHashtaginsearchtab()'><b>searchfHashtaginsearchtab</b><br>Test class: TestSc.searchTabPage<br>Parameters: kiran gmx, #gmx, soYou Testing</td>
<td></td>
<td>24</td>
<td>TestSc.searchTabPage@22875539</td></tr>
<tr>
<td title='TestSc.searchTabPage.searchforuserinsearchtab()'><b>searchforuserinsearchtab</b><br>Test class: TestSc.searchTabPage<br>Parameters: kiran gmx, #gmx, soYou Testing</td>
<td></td>
<td>17</td>
<td>TestSc.searchTabPage@22875539</td></tr>
<tr>
<td title='TestSc.IntermediateProfilePage.setProfilePicture()'><b>setProfilePicture</b><br>Test class: TestSc.IntermediateProfilePage</td>
<td></td>
<td>22</td>
<td>TestSc.IntermediateProfilePage@487db668</td></tr>
<tr>
<td title='TestSc.notificationPage.swipeBetweenTabs()'><b>swipeBetweenTabs</b><br>Test class: TestSc.notificationPage</td>
<td></td>
<td>12</td>
<td>TestSc.notificationPage@63798ca7</td></tr>
<tr>
<td title='TestSc.SettingsPage.verifyLogoutAction()'><b>verifyLogoutAction</b><br>Test class: TestSc.SettingsPage<br/>
<a href="#Output-1703040426" onClick='toggleBox("Output-1703040426", this, "Show output", "Hide output");'>Show output</a>

<a href="#Output-1703040426" onClick="toggleAllBoxes();">Show all outputs</a>
<div class='log' id="Output-1703040426">
Check Whether Notification Permissions PopUp is displaying or not<br/>
Verify whether user is logged out of soYou Succesfully or not<br/>
</div>
</td>
<td></td>
<td>8</td>
<td>TestSc.SettingsPage@5674e1f2</td></tr>
<tr>
<td title='TestSc.notificationPage.verifyPostNavigationFromNotificationTab()'><b>verifyPostNavigationFromNotificationTab</b><br>Test class: TestSc.notificationPage</td>
<td></td>
<td>10</td>
<td>TestSc.notificationPage@63798ca7</td></tr>
<tr>
<td title='TestSc.searchTabPage.verifyTrendingTextisDisplayed()'><b>verifyTrendingTextisDisplayed</b><br>Test class: TestSc.searchTabPage</td>
<td></td>
<td>5</td>
<td>TestSc.searchTabPage@22875539</td></tr>
<tr>
<td title='TestSc.recentlist_tab.verifyadminbadgeisDisplayed()'><b>verifyadminbadgeisDisplayed</b><br>Test class: TestSc.recentlist_tab</td>
<td></td>
<td>13</td>
<td>TestSc.recentlist_tab@4612b856</td></tr>
<tr>
<td title='TestSc.recentlist_tab.verifyrecentitemlist()'><b>verifyrecentitemlist</b><br>Test class: TestSc.recentlist_tab</td>
<td></td>
<td>14</td>
<td>TestSc.recentlist_tab@4612b856</td></tr>
<tr>
<td title='TestSc.searchTabPage.verifyrecentsearch()'><b>verifyrecentsearch</b><br>Test class: TestSc.searchTabPage<br>Parameters: kiran gmx, #gmx, soYou Testing</td>
<td></td>
<td>12</td>
<td>TestSc.searchTabPage@22875539</td></tr>
<tr>
<td title='TestSc.searchTabPage.verifyrecentsearchhashtag()'><b>verifyrecentsearchhashtag</b><br>Test class: TestSc.searchTabPage<br>Parameters: kiran gmx, #gmx, soYou Testing</td>
<td></td>
<td>13</td>
<td>TestSc.searchTabPage@22875539</td></tr>
<tr>
<td title='TestSc.searchTabPage.viewTrendingHashtag()'><b>viewTrendingHashtag</b><br>Test class: TestSc.searchTabPage<br/>
<a href="#Output-1562452013" onClick='toggleBox("Output-1562452013", this, "Show output", "Hide output");'>Show output</a>

<a href="#Output-1562452013" onClick="toggleAllBoxes();">Show all outputs</a>
<div class='log' id="Output-1562452013">
Check Whether back button is displayed or not<br/>
</div>
</td>
<td></td>
<td>26</td>
<td>TestSc.searchTabPage@22875539</td></tr>
</table><p>
</body>
</html>