<?xml version="1.0" encoding="UTF-8"?>
<!-- Generated by org.testng.reporters.JUnitXMLReporter -->
<testsuite hostname="Anshuls-MacBook-Pro.local" ignored="0" name="Test" tests="1" failures="0" timestamp="11 Aug 2017 06:44:23 GMT" time="0.051" errors="0">
  <testcase name="@BeforeSuite beforeSuite" time="0.0" classname="com.framework.internal.feature.AppInitializer">
    <failure type="java.util.NoSuchElementException" message="No value present">
      <![CDATA[java.util.NoSuchElementException: No value present
	at java.util.Optional.get(Optional.java:135)
	at com.slack.api.SlackMessenger.sendTextMessage(SlackMessenger.java:35)
	at com.framework.internal.feature.AppInitializer.beforeSuite(AppInitializer.java:181)
... Removed 19 stack frames]]>
    </failure>
  </testcase> <!-- @BeforeSuite beforeSuite -->
  <testcase name="@BeforeClass beforeClass" time="0.0" classname="com.framework.internal.feature.AppInitializer">
    <skipped/>
  </testcase> <!-- @BeforeClass beforeClass -->
  <testcase name="@BeforeMethod beforeMethod" time="0.0" classname="com.framework.internal.feature.AppInitializer">
    <skipped/>
  </testcase> <!-- @BeforeMethod beforeMethod -->
  <testcase name="@AfterMethod afterMethod" time="0.0" classname="com.framework.internal.feature.AppInitializer">
    <skipped/>
  </testcase> <!-- @AfterMethod afterMethod -->
  <testcase name="@AfterClass afterClasss" time="0.0" classname="com.framework.internal.feature.AppInitializer">
    <skipped/>
  </testcase> <!-- @AfterClass afterClasss -->
  <testcase name="updateUserDetails" time="0.001" classname="com.soYou.test.regressiontest.TestProfile">
    <skipped/>
  </testcase> <!-- updateUserDetails -->
</testsuite> <!-- Test -->
