<?xml version="1.0" encoding="UTF-8"?>
<!-- Generated by org.testng.reporters.JUnitReportReporter -->
<testsuite skipped="10" hostname="kirans-MacBook-Pro.local" name="TestSc.CanvasPage" tests="11" failures="0" timestamp="26 Sep 2017 11:17:01 GMT" time="0.012" errors="1">
  <testcase name="EnterMobileNumber" time="0.001" classname="TestSc.CanvasPage">
    <skipped/>
  </testcase> <!-- EnterMobileNumber -->
  <testcase name="AddReplyCommentForAPost" time="0.001" classname="TestSc.CanvasPage">
    <skipped/>
  </testcase> <!-- AddReplyCommentForAPost -->
  <testcase name="VerifyallCommentsofAPost" time="0.000" classname="TestSc.CanvasPage">
    <skipped/>
  </testcase> <!-- VerifyallCommentsofAPost -->
  <testcase name="ReshareAPost" time="0.000" classname="TestSc.CanvasPage">
    <error type="org.testng.TestNGException" message="
Method ReshareAPost requires 1 parameters but 0 were supplied in the @Test annotation.">
      <![CDATA[org.testng.TestNGException: 
Method ReshareAPost requires 1 parameters but 0 were supplied in the @Test annotation.
	at org.testng.internal.Parameters.checkParameterTypes(Parameters.java:193)
	at org.testng.internal.Parameters.createParameters(Parameters.java:129)
	at org.testng.internal.Parameters.createParameters(Parameters.java:385)
	at org.testng.internal.Parameters.handleParameters(Parameters.java:495)
	at org.testng.internal.Invoker.handleParameters(Invoker.java:1253)
	at org.testng.internal.Invoker.createParameters(Invoker.java:980)
	at org.testng.internal.Invoker.invokeTestMethods(Invoker.java:1070)
	at org.testng.internal.TestMethodWorker.invokeTestMethods(TestMethodWorker.java:129)
	at org.testng.internal.TestMethodWorker.run(TestMethodWorker.java:112)
	at org.testng.TestRunner.privateRun(TestRunner.java:753)
	at org.testng.TestRunner.run(TestRunner.java:607)
	at org.testng.SuiteRunner.runTest(SuiteRunner.java:368)
	at org.testng.SuiteRunner.runSequentially(SuiteRunner.java:363)
	at org.testng.SuiteRunner.privateRun(SuiteRunner.java:321)
	at org.testng.SuiteRunner.run(SuiteRunner.java:270)
	at org.testng.SuiteRunnerWorker.runSuite(SuiteRunnerWorker.java:52)
	at org.testng.SuiteRunnerWorker.run(SuiteRunnerWorker.java:86)
	at org.testng.TestNG.runSuitesSequentially(TestNG.java:1284)
	at org.testng.TestNG.runSuitesLocally(TestNG.java:1209)
	at org.testng.TestNG.runSuites(TestNG.java:1124)
	at org.testng.TestNG.run(TestNG.java:1096)
	at org.testng.remote.AbstractRemoteTestNG.run(AbstractRemoteTestNG.java:132)
	at org.testng.remote.RemoteTestNG.initAndRun(RemoteTestNG.java:236)
	at org.testng.remote.RemoteTestNG.main(RemoteTestNG.java:81)
]]>
    </error>
  </testcase> <!-- ReshareAPost -->
  <testcase name="SelectCountryFromList" time="0.004" classname="TestSc.CanvasPage">
    <skipped/>
  </testcase> <!-- SelectCountryFromList -->
  <testcase name="SwipeBetweenCanvas" time="0.001" classname="TestSc.CanvasPage">
    <skipped/>
  </testcase> <!-- SwipeBetweenCanvas -->
  <testcase name="Navigatetosendercanvas" time="0.001" classname="TestSc.CanvasPage">
    <skipped/>
  </testcase> <!-- Navigatetosendercanvas -->
  <testcase name="AddCommentForAPost" time="0.001" classname="TestSc.CanvasPage">
    <skipped/>
  </testcase> <!-- AddCommentForAPost -->
  <testcase name="EnterOTPScreen" time="0.001" classname="TestSc.CanvasPage">
    <skipped/>
  </testcase> <!-- EnterOTPScreen -->
  <testcase name="MakePostasPublicandpublick" time="0.001" classname="TestSc.CanvasPage">
    <skipped/>
  </testcase> <!-- MakePostasPublicandpublick -->
  <testcase name="NavigatetoPostDetailView" time="0.001" classname="TestSc.CanvasPage">
    <skipped/>
  </testcase> <!-- NavigatetoPostDetailView -->
</testsuite> <!-- TestSc.CanvasPage -->
