<?xml version="1.0" encoding="UTF-8"?>
<!-- Generated by org.testng.reporters.JUnitReportReporter -->
<testsuite skipped="6" hostname="kirans-MacBook-Pro.local" name="TestSc.welcomescreen" tests="7" failures="0" timestamp="26 Sep 2017 11:17:01 GMT" time="0.010" errors="1">
  <testcase name="Welcomepage3" time="0.002" classname="TestSc.welcomescreen">
    <skipped/>
  </testcase> <!-- Welcomepage3 -->
  <testcase name="Welcomepage5" time="0.003" classname="TestSc.welcomescreen">
    <skipped/>
  </testcase> <!-- Welcomepage5 -->
  <testcase name="Welcomepage4" time="0.001" classname="TestSc.welcomescreen">
    <skipped/>
  </testcase> <!-- Welcomepage4 -->
  <testcase name="beforeClass" time="0.000" classname="TestSc.welcomescreen">
    <error type="org.openqa.selenium.NoSuchSessionException" message="Session does not exist (WARNING: The server did not provide any stacktrace information)
Command duration or timeout: 185 milliseconds
Build info: version: &#039;3.3.1&#039;, revision: &#039;5234b325d5&#039;, time: &#039;2017-03-10 09:10:29 +0000&#039;
System info: host: &#039;kirans-MacBook-Pro.local&#039;, ip: &#039;fe80:0:0:0:1025:cbd6:a338:5e87%en0&#039;, os.name: &#039;Mac OS X&#039;, os.arch: &#039;x86_64&#039;, os.version: &#039;10.12.6&#039;, java.version: &#039;1.8.0_101&#039;
Driver info: io.appium.java_client.ios.IOSDriver
Capabilities [{app=/Users/gmx/Desktop/soYou_62/SoYou.app, networkConnectionEnabled=false, noReset=true, xcodeOrgId=V862VGVUC2, bundleId=com.joyn.soyou, databaseEnabled=false, deviceName=so&#039;s iPhone, xcodeSigningId=Default, platform=MAC, agentPath=/Users/gmx/node_modules/appium-xcuitest-driver/WebDriverAgent/WebDriverAgent.xcodeproj, bootstrapPath=/Users/gmx/node_modules/appium-xcuitest-driver/WebDriverAgent, platformVersion=10.2.1, webStorageEnabled=false, locationContextEnabled=false, automationName=XCUITest, useNewWDA=true, browserName=, takesScreenshot=true, javascriptEnabled=true, platformName=iOS, udid=e03daa8b2365bf156e6b0a31977add1b013b3a8a, autoAcceptAlerts=true}]
Session ID: 1314135c-0a98-4f15-9ae9-dd36651a3e5c">
      <![CDATA[org.openqa.selenium.NoSuchSessionException: Session does not exist (WARNING: The server did not provide any stacktrace information)
Command duration or timeout: 185 milliseconds
Build info: version: '3.3.1', revision: '5234b325d5', time: '2017-03-10 09:10:29 +0000'
System info: host: 'kirans-MacBook-Pro.local', ip: 'fe80:0:0:0:1025:cbd6:a338:5e87%en0', os.name: 'Mac OS X', os.arch: 'x86_64', os.version: '10.12.6', java.version: '1.8.0_101'
Driver info: io.appium.java_client.ios.IOSDriver
Capabilities [{app=/Users/gmx/Desktop/soYou_62/SoYou.app, networkConnectionEnabled=false, noReset=true, xcodeOrgId=V862VGVUC2, bundleId=com.joyn.soyou, databaseEnabled=false, deviceName=so's iPhone, xcodeSigningId=Default, platform=MAC, agentPath=/Users/gmx/node_modules/appium-xcuitest-driver/WebDriverAgent/WebDriverAgent.xcodeproj, bootstrapPath=/Users/gmx/node_modules/appium-xcuitest-driver/WebDriverAgent, platformVersion=10.2.1, webStorageEnabled=false, locationContextEnabled=false, automationName=XCUITest, useNewWDA=true, browserName=, takesScreenshot=true, javascriptEnabled=true, platformName=iOS, udid=e03daa8b2365bf156e6b0a31977add1b013b3a8a, autoAcceptAlerts=true}]
Session ID: 1314135c-0a98-4f15-9ae9-dd36651a3e5c
	at sun.reflect.NativeConstructorAccessorImpl.newInstance0(Native Method)
	at sun.reflect.NativeConstructorAccessorImpl.newInstance(NativeConstructorAccessorImpl.java:62)
	at sun.reflect.DelegatingConstructorAccessorImpl.newInstance(DelegatingConstructorAccessorImpl.java:45)
	at java.lang.reflect.Constructor.newInstance(Constructor.java:423)
	at org.openqa.selenium.remote.ErrorHandler.createThrowable(ErrorHandler.java:216)
	at org.openqa.selenium.remote.ErrorHandler.throwIfResponseFailed(ErrorHandler.java:168)
	at org.openqa.selenium.remote.RemoteWebDriver.execute(RemoteWebDriver.java:638)
	at io.appium.java_client.DefaultGenericMobileDriver.execute(DefaultGenericMobileDriver.java:46)
	at io.appium.java_client.AppiumDriver.execute(AppiumDriver.java:1)
	at io.appium.java_client.ios.IOSDriver.execute(IOSDriver.java:1)
	at io.appium.java_client.HasSessionDetails.getSessionDetails(HasSessionDetails.java:36)
	at io.appium.java_client.HasSessionDetails.getSessionDetail(HasSessionDetails.java:42)
	at io.appium.java_client.HasSessionDetails.getPlatformName(HasSessionDetails.java:46)
	at io.appium.java_client.AppiumDriver.<init>(AppiumDriver.java:100)
	at io.appium.java_client.AppiumDriver.<init>(AppiumDriver.java:112)
	at io.appium.java_client.ios.IOSDriver.<init>(IOSDriver.java:78)
	at com.framework.internal.feature.AppiumDriverFactory.getDriveriOS(AppiumDriverFactory.java:73)
	at com.framework.internal.feature.AppiumDriverInitializer.getAppiumDriverios(AppiumDriverInitializer.java:14)
	at com.framework.internal.feature.AppInitializer.beforeClass(AppInitializer.java:85)
	at sun.reflect.NativeMethodAccessorImpl.invoke0(Native Method)
	at sun.reflect.NativeMethodAccessorImpl.invoke(NativeMethodAccessorImpl.java:62)
	at sun.reflect.DelegatingMethodAccessorImpl.invoke(DelegatingMethodAccessorImpl.java:43)
	at java.lang.reflect.Method.invoke(Method.java:498)
	at org.testng.internal.MethodInvocationHelper.invokeMethod(MethodInvocationHelper.java:100)
	at org.testng.internal.Invoker.invokeConfigurationMethod(Invoker.java:515)
	at org.testng.internal.Invoker.invokeConfigurations(Invoker.java:216)
	at org.testng.internal.Invoker.invokeConfigurations(Invoker.java:143)
	at org.testng.internal.TestMethodWorker.invokeBeforeClassMethods(TestMethodWorker.java:169)
	at org.testng.internal.TestMethodWorker.run(TestMethodWorker.java:108)
	at org.testng.TestRunner.privateRun(TestRunner.java:753)
	at org.testng.TestRunner.run(TestRunner.java:607)
	at org.testng.SuiteRunner.runTest(SuiteRunner.java:368)
	at org.testng.SuiteRunner.runSequentially(SuiteRunner.java:363)
	at org.testng.SuiteRunner.privateRun(SuiteRunner.java:321)
	at org.testng.SuiteRunner.run(SuiteRunner.java:270)
	at org.testng.SuiteRunnerWorker.runSuite(SuiteRunnerWorker.java:52)
	at org.testng.SuiteRunnerWorker.run(SuiteRunnerWorker.java:86)
	at org.testng.TestNG.runSuitesSequentially(TestNG.java:1284)
	at org.testng.TestNG.runSuitesLocally(TestNG.java:1209)
	at org.testng.TestNG.runSuites(TestNG.java:1124)
	at org.testng.TestNG.run(TestNG.java:1096)
	at org.testng.remote.AbstractRemoteTestNG.run(AbstractRemoteTestNG.java:132)
	at org.testng.remote.RemoteTestNG.initAndRun(RemoteTestNG.java:236)
	at org.testng.remote.RemoteTestNG.main(RemoteTestNG.java:81)
]]>
    </error>
  </testcase> <!-- beforeClass -->
  <testcase name="NotificationPoup" time="0.001" classname="TestSc.welcomescreen">
    <skipped/>
  </testcase> <!-- NotificationPoup -->
  <testcase name="Welcomepage" time="0.001" classname="TestSc.welcomescreen">
    <skipped/>
  </testcase> <!-- Welcomepage -->
  <testcase name="Welcomepage2" time="0.002" classname="TestSc.welcomescreen">
    <skipped/>
  </testcase> <!-- Welcomepage2 -->
</testsuite> <!-- TestSc.welcomescreen -->
